
setting SOURCE_DATE_EPOCH=1634947200
Executing(%prep): /bin/sh -e /var/tmp/rpm-tmp.uY8bWh
+ umask 022
+ cd /mnt/Storage/Projects/Development/Nobara/rpmfusion
+ echo 'Nothing to prep'
Nothing to prep
+ RPM_EC=0
++ jobs -p
+ exit 0
Executing(%build): /bin/sh -e /var/tmp/rpm-tmp.RRcbuP
+ umask 022
+ cd /mnt/Storage/Projects/Development/Nobara/rpmfusion
+ echo 'Nothing to build'
Nothing to build
+ RPM_EC=0
++ jobs -p
+ exit 0
Executing(%install): /bin/sh -e /var/tmp/rpm-tmp.S6gioT
+ umask 022
+ cd /mnt/Storage/Projects/Development/Nobara/rpmfusion
+ '[' /home/tcrider/rpmbuild/BUILDROOT/rpmfusion-free-release-35-2.x86_64 '!=' / ']'
+ rm -rf /home/tcrider/rpmbuild/BUILDROOT/rpmfusion-free-release-35-2.x86_64
++ dirname /home/tcrider/rpmbuild/BUILDROOT/rpmfusion-free-release-35-2.x86_64
+ mkdir -p /home/tcrider/rpmbuild/BUILDROOT
+ mkdir /home/tcrider/rpmbuild/BUILDROOT/rpmfusion-free-release-35-2.x86_64
+ install -d -m755 /home/tcrider/rpmbuild/BUILDROOT/rpmfusion-free-release-35-2.x86_64/etc/pki/rpm-gpg /home/tcrider/rpmbuild/BUILDROOT/rpmfusion-free-release-35-2.x86_64/etc/yum.repos.d
+ /usr/bin/install -Dp -m644 /mnt/Storage/Projects/Development/Nobara/rpmfusion/RPM-GPG-KEY-rpmfusion-free-fedora-2020 /home/tcrider/rpmbuild/BUILDROOT/rpmfusion-free-release-35-2.x86_64/etc/pki/rpm-gpg
++ basename /mnt/Storage/Projects/Development/Nobara/rpmfusion/RPM-GPG-KEY-rpmfusion-free-fedora-2020
+ ln -s RPM-GPG-KEY-rpmfusion-free-fedora-2020 /home/tcrider/rpmbuild/BUILDROOT/rpmfusion-free-release-35-2.x86_64/etc/pki/rpm-gpg/RPM-GPG-KEY-rpmfusion-free-fedora-35
++ basename /mnt/Storage/Projects/Development/Nobara/rpmfusion/RPM-GPG-KEY-rpmfusion-free-fedora-2020
+ ln -s RPM-GPG-KEY-rpmfusion-free-fedora-2020 /home/tcrider/rpmbuild/BUILDROOT/rpmfusion-free-release-35-2.x86_64/etc/pki/rpm-gpg/RPM-GPG-KEY-rpmfusion-free-fedora-36
++ basename /mnt/Storage/Projects/Development/Nobara/rpmfusion/RPM-GPG-KEY-rpmfusion-free-fedora-2020
+ ln -s RPM-GPG-KEY-rpmfusion-free-fedora-2020 /home/tcrider/rpmbuild/BUILDROOT/rpmfusion-free-release-35-2.x86_64/etc/pki/rpm-gpg/RPM-GPG-KEY-rpmfusion-free-fedora-37
++ basename /mnt/Storage/Projects/Development/Nobara/rpmfusion/RPM-GPG-KEY-rpmfusion-free-fedora-2020
+ ln -s RPM-GPG-KEY-rpmfusion-free-fedora-2020 /home/tcrider/rpmbuild/BUILDROOT/rpmfusion-free-release-35-2.x86_64/etc/pki/rpm-gpg/RPM-GPG-KEY-rpmfusion-free-fedora-latest
++ basename /mnt/Storage/Projects/Development/Nobara/rpmfusion/RPM-GPG-KEY-rpmfusion-free-fedora-2020
+ ln -s RPM-GPG-KEY-rpmfusion-free-fedora-2020 /home/tcrider/rpmbuild/BUILDROOT/rpmfusion-free-release-35-2.x86_64/etc/pki/rpm-gpg/RPM-GPG-KEY-rpmfusion-free-fedora-rawhide
+ /usr/bin/install -p -m644 /mnt/Storage/Projects/Development/Nobara/rpmfusion/rpmfusion-free.repo /mnt/Storage/Projects/Development/Nobara/rpmfusion/rpmfusion-free-updates.repo /mnt/Storage/Projects/Development/Nobara/rpmfusion/rpmfusion-free-updates-testing.repo /mnt/Storage/Projects/Development/Nobara/rpmfusion/rpmfusion-free-rawhide.repo /mnt/Storage/Projects/Development/Nobara/rpmfusion/rpmfusion-free-tainted.repo /home/tcrider/rpmbuild/BUILDROOT/rpmfusion-free-release-35-2.x86_64/etc/yum.repos.d
+ /usr/lib/rpm/check-buildroot
+ /usr/lib/rpm/redhat/brp-ldconfig
+ /usr/lib/rpm/brp-compress
+ /usr/lib/rpm/brp-strip /usr/bin/strip
+ /usr/lib/rpm/brp-strip-comment-note /usr/bin/strip /usr/bin/objdump
+ /usr/lib/rpm/redhat/brp-strip-lto /usr/bin/strip
+ /usr/lib/rpm/brp-strip-static-archive /usr/bin/strip
+ /usr/lib/rpm/check-rpaths
+ /usr/lib/rpm/redhat/brp-mangle-shebangs
+ /usr/lib/rpm/redhat/brp-python-bytecompile '' 1 0
+ /usr/lib/rpm/redhat/brp-python-hardlink
Processing files: rpmfusion-free-release-35-2.noarch
Provides: config(rpmfusion-free-release) = 35-2 rpmfusion-free-release = 35-2 rpmfusion-free-repos(35)
Requires(rpmlib): rpmlib(CompressedFileNames) <= 3.0.4-1 rpmlib(FileDigests) <= 4.6.0-1 rpmlib(PayloadFilesHavePrefix) <= 4.0-1
Processing files: rpmfusion-free-release-rawhide-35-2.noarch
Provides: config(rpmfusion-free-release-rawhide) = 35-2 rpmfusion-free-release-rawhide = 35-2
Requires(rpmlib): rpmlib(CompressedFileNames) <= 3.0.4-1 rpmlib(FileDigests) <= 4.6.0-1 rpmlib(PayloadFilesHavePrefix) <= 4.0-1
Processing files: rpmfusion-free-release-tainted-35-2.noarch
Provides: config(rpmfusion-free-release-tainted) = 35-2 rpmfusion-free-release-tainted = 35-2
Requires(rpmlib): rpmlib(CompressedFileNames) <= 3.0.4-1 rpmlib(FileDigests) <= 4.6.0-1 rpmlib(PayloadFilesHavePrefix) <= 4.0-1
Checking for unpackaged file(s): /usr/lib/rpm/check-files /home/tcrider/rpmbuild/BUILDROOT/rpmfusion-free-release-35-2.x86_64
Wrote: /mnt/Storage/Projects/Development/Nobara/rpmfusion/rpmfusion-free-release-35-2.src.rpm
Wrote: /mnt/Storage/Projects/Development/Nobara/rpmfusion/noarch/rpmfusion-free-release-rawhide-35-2.noarch.rpm
Wrote: /mnt/Storage/Projects/Development/Nobara/rpmfusion/noarch/rpmfusion-free-release-tainted-35-2.noarch.rpm
Wrote: /mnt/Storage/Projects/Development/Nobara/rpmfusion/noarch/rpmfusion-free-release-35-2.noarch.rpm
Executing(%clean): /bin/sh -e /var/tmp/rpm-tmp.4tn6Fx
+ umask 022
+ cd /mnt/Storage/Projects/Development/Nobara/rpmfusion
+ /usr/bin/rm -rf /home/tcrider/rpmbuild/BUILDROOT/rpmfusion-free-release-35-2.x86_64
+ RPM_EC=0
++ jobs -p
+ exit 0
