Mock Version: 5.3
ENTER ['do_with_status'](['bash', '--login', '-c', '/usr/bin/rpmbuild -bs --noclean --target x86_64 --nodeps /builddir/build/SPECS/nvidia-kmod-common.spec'], chrootPath='/var/lib/mock/fedora-39-x86_64/root'env={'TERM': 'vt100', 'SHELL': '/bin/bash', 'HOME': '/builddir', 'HOSTNAME': 'mock', 'PATH': '/usr/bin:/bin:/usr/sbin:/sbin', 'PROMPT_COMMAND': 'printf "\\033]0;<mock-chroot>\\007"', 'PS1': '<mock-chroot> \\s-\\v\\$ ', 'LANG': 'C.UTF-8'}shell=Falselogger=<mockbuild.trace_decorator.getLog object at 0x7f5efa6281d0>timeout=0uid=1000gid=135user='mockbuild'nspawn_args=['--capability=cap_ipc_lock', '--bind=/tmp/mock-resolv.jfnl6jgx:/etc/resolv.conf', '--bind=/dev/btrfs-control', '--bind=/dev/mapper/control', '--bind=/dev/fuse', '--bind=/dev/loop-control', '--bind=/dev/loop0', '--bind=/dev/loop1', '--bind=/dev/loop2', '--bind=/dev/loop3', '--bind=/dev/loop4', '--bind=/dev/loop5', '--bind=/dev/loop6', '--bind=/dev/loop7', '--bind=/dev/loop8', '--bind=/dev/loop9', '--bind=/dev/loop10', '--bind=/dev/loop11']unshare_net=FalseprintOutput=True)
Using nspawn with args ['--capability=cap_ipc_lock', '--bind=/tmp/mock-resolv.jfnl6jgx:/etc/resolv.conf', '--bind=/dev/btrfs-control', '--bind=/dev/mapper/control', '--bind=/dev/fuse', '--bind=/dev/loop-control', '--bind=/dev/loop0', '--bind=/dev/loop1', '--bind=/dev/loop2', '--bind=/dev/loop3', '--bind=/dev/loop4', '--bind=/dev/loop5', '--bind=/dev/loop6', '--bind=/dev/loop7', '--bind=/dev/loop8', '--bind=/dev/loop9', '--bind=/dev/loop10', '--bind=/dev/loop11']
Executing command: ['/usr/bin/systemd-nspawn', '-q', '-M', '7a3395b748fc496ab905c70adaf466ee', '-D', '/var/lib/mock/fedora-39-x86_64/root', '-a', '-u', 'mockbuild', '--capability=cap_ipc_lock', '--bind=/tmp/mock-resolv.jfnl6jgx:/etc/resolv.conf', '--bind=/dev/btrfs-control', '--bind=/dev/mapper/control', '--bind=/dev/fuse', '--bind=/dev/loop-control', '--bind=/dev/loop0', '--bind=/dev/loop1', '--bind=/dev/loop2', '--bind=/dev/loop3', '--bind=/dev/loop4', '--bind=/dev/loop5', '--bind=/dev/loop6', '--bind=/dev/loop7', '--bind=/dev/loop8', '--bind=/dev/loop9', '--bind=/dev/loop10', '--bind=/dev/loop11', '--console=pipe', '--setenv=TERM=vt100', '--setenv=SHELL=/bin/bash', '--setenv=HOME=/builddir', '--setenv=HOSTNAME=mock', '--setenv=PATH=/usr/bin:/bin:/usr/sbin:/sbin', '--setenv=PROMPT_COMMAND=printf "\\033]0;<mock-chroot>\\007"', '--setenv=PS1=<mock-chroot> \\s-\\v\\$ ', '--setenv=LANG=C.UTF-8', '--resolv-conf=off', 'bash', '--login', '-c', '/usr/bin/rpmbuild -bs --noclean --target x86_64 --nodeps /builddir/build/SPECS/nvidia-kmod-common.spec'] with env {'TERM': 'vt100', 'SHELL': '/bin/bash', 'HOME': '/builddir', 'HOSTNAME': 'mock', 'PATH': '/usr/bin:/bin:/usr/sbin:/sbin', 'PROMPT_COMMAND': 'printf "\\033]0;<mock-chroot>\\007"', 'PS1': '<mock-chroot> \\s-\\v\\$ ', 'LANG': 'C.UTF-8', 'SYSTEMD_NSPAWN_TMPFS_TMP': '0', 'SYSTEMD_SECCOMP': '0'} and shell False
Building target platforms: x86_64
Building for target x86_64
setting SOURCE_DATE_EPOCH=1703116800
Wrote: /builddir/build/SRPMS/nvidia-kmod-common-535.146.02-3.fc39.src.rpm
Child return code was: 0
ENTER ['do_with_status'](['bash', '--login', '-c', '/usr/bin/rpmbuild -bb --noclean --target x86_64 --nodeps /builddir/build/SPECS/nvidia-kmod-common.spec'], chrootPath='/var/lib/mock/fedora-39-x86_64/root'env={'TERM': 'vt100', 'SHELL': '/bin/bash', 'HOME': '/builddir', 'HOSTNAME': 'mock', 'PATH': '/usr/bin:/bin:/usr/sbin:/sbin', 'PROMPT_COMMAND': 'printf "\\033]0;<mock-chroot>\\007"', 'PS1': '<mock-chroot> \\s-\\v\\$ ', 'LANG': 'C.UTF-8'}shell=Falselogger=<mockbuild.trace_decorator.getLog object at 0x7f5efa6281d0>timeout=0uid=1000gid=135user='mockbuild'nspawn_args=['--capability=cap_ipc_lock', '--bind=/tmp/mock-resolv.jfnl6jgx:/etc/resolv.conf', '--bind=/dev/btrfs-control', '--bind=/dev/mapper/control', '--bind=/dev/fuse', '--bind=/dev/loop-control', '--bind=/dev/loop0', '--bind=/dev/loop1', '--bind=/dev/loop2', '--bind=/dev/loop3', '--bind=/dev/loop4', '--bind=/dev/loop5', '--bind=/dev/loop6', '--bind=/dev/loop7', '--bind=/dev/loop8', '--bind=/dev/loop9', '--bind=/dev/loop10', '--bind=/dev/loop11']unshare_net=FalseprintOutput=True)
Using nspawn with args ['--capability=cap_ipc_lock', '--bind=/tmp/mock-resolv.jfnl6jgx:/etc/resolv.conf', '--bind=/dev/btrfs-control', '--bind=/dev/mapper/control', '--bind=/dev/fuse', '--bind=/dev/loop-control', '--bind=/dev/loop0', '--bind=/dev/loop1', '--bind=/dev/loop2', '--bind=/dev/loop3', '--bind=/dev/loop4', '--bind=/dev/loop5', '--bind=/dev/loop6', '--bind=/dev/loop7', '--bind=/dev/loop8', '--bind=/dev/loop9', '--bind=/dev/loop10', '--bind=/dev/loop11']
Executing command: ['/usr/bin/systemd-nspawn', '-q', '-M', '0424392acea9493d8948e080c9a812d5', '-D', '/var/lib/mock/fedora-39-x86_64/root', '-a', '-u', 'mockbuild', '--capability=cap_ipc_lock', '--bind=/tmp/mock-resolv.jfnl6jgx:/etc/resolv.conf', '--bind=/dev/btrfs-control', '--bind=/dev/mapper/control', '--bind=/dev/fuse', '--bind=/dev/loop-control', '--bind=/dev/loop0', '--bind=/dev/loop1', '--bind=/dev/loop2', '--bind=/dev/loop3', '--bind=/dev/loop4', '--bind=/dev/loop5', '--bind=/dev/loop6', '--bind=/dev/loop7', '--bind=/dev/loop8', '--bind=/dev/loop9', '--bind=/dev/loop10', '--bind=/dev/loop11', '--console=pipe', '--setenv=TERM=vt100', '--setenv=SHELL=/bin/bash', '--setenv=HOME=/builddir', '--setenv=HOSTNAME=mock', '--setenv=PATH=/usr/bin:/bin:/usr/sbin:/sbin', '--setenv=PROMPT_COMMAND=printf "\\033]0;<mock-chroot>\\007"', '--setenv=PS1=<mock-chroot> \\s-\\v\\$ ', '--setenv=LANG=C.UTF-8', '--resolv-conf=off', 'bash', '--login', '-c', '/usr/bin/rpmbuild -bb --noclean --target x86_64 --nodeps /builddir/build/SPECS/nvidia-kmod-common.spec'] with env {'TERM': 'vt100', 'SHELL': '/bin/bash', 'HOME': '/builddir', 'HOSTNAME': 'mock', 'PATH': '/usr/bin:/bin:/usr/sbin:/sbin', 'PROMPT_COMMAND': 'printf "\\033]0;<mock-chroot>\\007"', 'PS1': '<mock-chroot> \\s-\\v\\$ ', 'LANG': 'C.UTF-8', 'SYSTEMD_NSPAWN_TMPFS_TMP': '0', 'SYSTEMD_SECCOMP': '0'} and shell False
Building target platforms: x86_64
Building for target x86_64
setting SOURCE_DATE_EPOCH=1703116800
Executing(%prep): /bin/sh -e /var/tmp/rpm-tmp.YaMSMr
+ umask 022
+ cd /builddir/build/BUILD
+ cd /builddir/build/BUILD
+ rm -rf nvidia-kmod-common-535.146.02
+ /usr/lib/rpm/rpmuncompress -x /builddir/build/SOURCES/nvidia-kmod-common-535.146.02.tar.xz
+ STATUS=0
+ '[' 0 -ne 0 ']'
+ cd nvidia-kmod-common-535.146.02
+ rm -rf /builddir/build/BUILD/nvidia-kmod-common-535.146.02-SPECPARTS
+ /usr/bin/mkdir -p /builddir/build/BUILD/nvidia-kmod-common-535.146.02-SPECPARTS
+ /usr/bin/chmod -Rf a+rX,u+w,g-w,o-w .
+ RPM_EC=0
++ jobs -p
+ exit 0
Executing(%install): /bin/sh -e /var/tmp/rpm-tmp.cWU8ud
+ umask 022
+ cd /builddir/build/BUILD
+ '[' /builddir/build/BUILDROOT/nvidia-kmod-common-535.146.02-3.fc39.x86_64 '!=' / ']'
+ rm -rf /builddir/build/BUILDROOT/nvidia-kmod-common-535.146.02-3.fc39.x86_64
++ dirname /builddir/build/BUILDROOT/nvidia-kmod-common-535.146.02-3.fc39.x86_64
+ mkdir -p /builddir/build/BUILDROOT
+ mkdir /builddir/build/BUILDROOT/nvidia-kmod-common-535.146.02-3.fc39.x86_64
+ CFLAGS='-O2 -flto=auto -ffat-lto-objects -fexceptions -g -grecord-gcc-switches -pipe -Wall -Werror=format-security -Wp,-U_FORTIFY_SOURCE,-D_FORTIFY_SOURCE=3 -Wp,-D_GLIBCXX_ASSERTIONS -specs=/usr/lib/rpm/redhat/redhat-hardened-cc1 -fstack-protector-strong -specs=/usr/lib/rpm/redhat/redhat-annobin-cc1  -m64   -mtune=generic -fasynchronous-unwind-tables -fstack-clash-protection -fcf-protection -fno-omit-frame-pointer -mno-omit-leaf-frame-pointer '
+ export CFLAGS
+ CXXFLAGS='-O2 -flto=auto -ffat-lto-objects -fexceptions -g -grecord-gcc-switches -pipe -Wall -Werror=format-security -Wp,-U_FORTIFY_SOURCE,-D_FORTIFY_SOURCE=3 -Wp,-D_GLIBCXX_ASSERTIONS -specs=/usr/lib/rpm/redhat/redhat-hardened-cc1 -fstack-protector-strong -specs=/usr/lib/rpm/redhat/redhat-annobin-cc1  -m64   -mtune=generic -fasynchronous-unwind-tables -fstack-clash-protection -fcf-protection -fno-omit-frame-pointer -mno-omit-leaf-frame-pointer '
+ export CXXFLAGS
+ FFLAGS='-O2 -flto=auto -ffat-lto-objects -fexceptions -g -grecord-gcc-switches -pipe -Wall -Wp,-U_FORTIFY_SOURCE,-D_FORTIFY_SOURCE=3 -Wp,-D_GLIBCXX_ASSERTIONS -specs=/usr/lib/rpm/redhat/redhat-hardened-cc1 -fstack-protector-strong -specs=/usr/lib/rpm/redhat/redhat-annobin-cc1  -m64   -mtune=generic -fasynchronous-unwind-tables -fstack-clash-protection -fcf-protection -fno-omit-frame-pointer -mno-omit-leaf-frame-pointer -I/usr/lib64/gfortran/modules '
+ export FFLAGS
+ FCFLAGS='-O2 -flto=auto -ffat-lto-objects -fexceptions -g -grecord-gcc-switches -pipe -Wall -Wp,-U_FORTIFY_SOURCE,-D_FORTIFY_SOURCE=3 -Wp,-D_GLIBCXX_ASSERTIONS -specs=/usr/lib/rpm/redhat/redhat-hardened-cc1 -fstack-protector-strong -specs=/usr/lib/rpm/redhat/redhat-annobin-cc1  -m64   -mtune=generic -fasynchronous-unwind-tables -fstack-clash-protection -fcf-protection -fno-omit-frame-pointer -mno-omit-leaf-frame-pointer -I/usr/lib64/gfortran/modules '
+ export FCFLAGS
+ VALAFLAGS=-g
+ export VALAFLAGS
+ RUSTFLAGS='-Copt-level=3 -Cdebuginfo=2 -Ccodegen-units=1 -Cstrip=none -Cforce-frame-pointers=yes -Clink-arg=-Wl,-z,relro -Clink-arg=-Wl,-z,now -Clink-arg=-specs=/usr/lib/rpm/redhat/redhat-package-notes --cap-lints=warn'
+ export RUSTFLAGS
+ LDFLAGS='-Wl,-z,relro -Wl,--as-needed  -Wl,-z,now -specs=/usr/lib/rpm/redhat/redhat-hardened-ld -specs=/usr/lib/rpm/redhat/redhat-annobin-cc1  -Wl,--build-id=sha1 -specs=/usr/lib/rpm/redhat/redhat-package-notes '
+ export LDFLAGS
+ LT_SYS_LIBRARY_PATH=/usr/lib64:
+ export LT_SYS_LIBRARY_PATH
+ CC=gcc
+ export CC
+ CXX=g++
+ export CXX
+ cd nvidia-kmod-common-535.146.02
+ install -p -m 0755 -D /builddir/build/SOURCES/nvidia-boot-update /builddir/build/BUILDROOT/nvidia-kmod-common-535.146.02-3.fc39.x86_64/usr/sbin/nvidia-boot-update
+ sed -i -e s/_dracutopts_in/none/g -e 's/_dracutopts_rm/rd.driver.blacklist=nouveau modprobe.blacklist=nouveau nomodeset gfxpayload=vga=normal nouveau.modeset=0 nvidia-drm.modeset=1 nvidia-drm.fbdev=1 nvidia-drm. initcall_blacklist=simpledrm_platform_driver_init/g' /builddir/build/BUILDROOT/nvidia-kmod-common-535.146.02-3.fc39.x86_64/usr/sbin/nvidia-boot-update
+ install -p -m 0644 -D /builddir/build/SOURCES/kernel.conf /builddir/build/BUILDROOT/nvidia-kmod-common-535.146.02-3.fc39.x86_64/etc/nvidia/kernel.conf
+ install -p -m 0644 -D /builddir/build/SOURCES/nvidia.conf /builddir/build/BUILDROOT/nvidia-kmod-common-535.146.02-3.fc39.x86_64/usr/lib/modprobe.d/nvidia.conf
+ install -p -m 0644 -D /builddir/build/SOURCES/99-nvidia.conf /builddir/build/BUILDROOT/nvidia-kmod-common-535.146.02-3.fc39.x86_64/usr/lib/dracut/dracut.conf.d/99-nvidia.conf
+ install -p -m 644 -D /builddir/build/SOURCES/60-nvidia.rules /builddir/build/BUILDROOT/nvidia-kmod-common-535.146.02-3.fc39.x86_64/usr/lib/udev/rules.d/60-nvidia.rules
+ mkdir -p /builddir/build/BUILDROOT/nvidia-kmod-common-535.146.02-3.fc39.x86_64/usr/lib/firmware/nvidia/535.146.02/
+ install -p -m 644 firmware/gsp_ga10x.bin firmware/gsp_tu10x.bin /builddir/build/BUILDROOT/nvidia-kmod-common-535.146.02-3.fc39.x86_64/usr/lib/firmware/nvidia/535.146.02
+ /usr/lib/rpm/check-buildroot
+ /usr/lib/rpm/redhat/brp-ldconfig
+ /usr/lib/rpm/brp-compress
+ /usr/lib/rpm/brp-strip /bin/true
+ /usr/lib/rpm/brp-strip-comment-note /bin/true /usr/bin/objdump
+ /usr/lib/rpm/redhat/brp-strip-lto /bin/true
+ /usr/lib/rpm/brp-strip-static-archive /bin/true
+ /usr/lib/rpm/check-rpaths
+ /usr/lib/rpm/redhat/brp-mangle-shebangs
mangling shebang in /usr/sbin/nvidia-boot-update from /bin/sh to #!/usr/bin/sh
+ /usr/lib/rpm/brp-remove-la-files
+ env /usr/lib/rpm/redhat/brp-python-bytecompile '' 1 0 -j16
+ /usr/lib/rpm/redhat/brp-python-hardlink
Processing files: nvidia-kmod-common-535.146.02-3.fc39.noarch
Provides: config(nvidia-kmod-common) = 3:535.146.02-3.fc39 nvidia-kmod-common = 3:535.146.02 nvidia-kmod-common = 3:535.146.02-3.fc39
Requires(interp): /bin/sh /bin/sh
Requires(rpmlib): rpmlib(CompressedFileNames) <= 3.0.4-1 rpmlib(FileDigests) <= 4.6.0-1 rpmlib(PayloadFilesHavePrefix) <= 4.0-1
Requires(post): /bin/sh
Requires(preun): /bin/sh
Requires: /usr/bin/sh
Obsoletes: cuda-nvidia-kmod-common < 3:535.146.02
Checking for unpackaged file(s): /usr/lib/rpm/check-files /builddir/build/BUILDROOT/nvidia-kmod-common-535.146.02-3.fc39.x86_64
Wrote: /builddir/build/RPMS/nvidia-kmod-common-535.146.02-3.fc39.noarch.rpm
Child return code was: 0
