gpg-pubkey-18b8e74c-62f2920f 1660064271 0 (none) installed
fedora-gpg-keys-39-1.noarch 1696876151 126182 3c9b23ba233bff51aa862567dd632b02 installed
fedora-repos-39-1.noarch 1696876151 4597 be664cee2249d87a1c8badb8cb99a97d installed
setup-2.14.4-1.fc39.noarch 1690369653 737593 332dce68aa9aa7ec58a5474b111ac384 installed
filesystem-3.18-6.fc39.x86_64 1689953784 106 ba9c51bfdb7ee7e5ad9fd8f3630dba2b installed
basesystem-11-18.fc39.noarch 1689777092 0 95d4cd3f3b3532e96b52a4501350e742 installed
rust-srpm-macros-25.2-2.fc39.noarch 1697151162 5190 fd4a5d684f2efaa89e5cb23804c778e6 installed
qt6-srpm-macros-6.6.0-1.fc39.noarch 1697459790 456 cbdff1b667f737dd448459a316f6d218 installed
qt5-srpm-macros-5.15.11-1.fc39.noarch 1697442272 492 8d5e8368d125ac7ef9aa911777ee5ae6 installed
publicsuffix-list-dafsa-20230812-1.fc39.noarch 1692137180 68269 58e2505541a38b49885a5fcf4783f82c installed
pkgconf-m4-1.9.5-2.fc39.noarch 1689918412 14252 e2257c853fc5a0cfad03272dd52edb52 installed
perl-srpm-macros-1-51.fc39.noarch 1689912123 861 be9086d518dbaa39614222cadd17df91 installed
pcre2-syntax-10.42-1.fc39.2.noarch 1689880856 240727 9da10d84d2b59cc2e5790688b59020a5 installed
package-notes-srpm-macros-0.5-9.fc39.noarch 1689878457 1631 2414c25964b8433024e4221741da26d3 installed
openblas-srpm-macros-2-14.fc39.noarch 1689876534 104 e9bc8ee3203553acff4d847233964399 installed
ocaml-srpm-macros-8-2.fc39.noarch 1689874714 19602 1977da7fe86c0a7ea2b188e9c30acf83 installed
ncurses-base-6.4-7.20230520.fc39.noarch 1692690929 332068 012d9e64460337bedce1528ae315bebc installed
ncurses-libs-6.4-7.20230520.fc39.x86_64 1692690982 1026359 57c14f0763df5c1be1f74f5d37a906e2 installed
bash-5.2.21-1.fc39.x86_64 1699957392 8572005 c35ca0ba4c447ba5632858bd8132982f installed
zlib-1.2.13-4.fc39.x86_64 1690055842 211523 8a97d6b14d019ecf00981f3f52d91209 installed
xz-libs-5.4.4-1.fc39.x86_64 1690992258 214704 d9e5499a8d000f7ea8b05d4ecff2516e installed
bzip2-libs-1.0.8-16.fc39.x86_64 1689859568 82564 c30e692cadec8e2e7544a17a21ffe112 installed
libuuid-2.39.2-1.fc39.x86_64 1692269134 38301 873638e80b07054dbc39cf0e2b924d0f installed
libzstd-1.5.5-4.fc39.x86_64 1690055959 790510 1c0dc5c0163c85c5c532b7637059ee8b installed
popt-1.19-3.fc39.x86_64 1689919991 140058 70f68d35ce7d89188c871f55aba0bca3 installed
libblkid-2.39.2-1.fc39.x86_64 1692269134 246633 9c7ce3cfb4d895734aa7ea65a55b8086 installed
gmp-1:6.2.1-5.fc39.x86_64 1689809616 817687 939ca9b0d49f7fa0187f144ec2350bae installed
libattr-2.5.1-8.fc39.x86_64 1689776087 29125 f17cce2dded302967745ded4d7b6ab43 installed
libxcrypt-4.4.36-2.fc39.x86_64 1689856957 273181 de4efc9a56ab3cc06d21df974a050e9c installed
readline-8.2-4.fc39.x86_64 1689959142 504853 c428e67049c15b2df502b314a2ae8fce installed
libeconf-0.5.2-1.fc39.x86_64 1693261711 57262 340e32ca25e50339cf9b77cd353a1ecf installed
lz4-libs-1.9.4-4.fc39.x86_64 1689860537 136491 6d6cfaf8c534026c5bb532a061d2e723 installed
mpfr-4.2.0-3.fc39.x86_64 1689869461 843525 bce2fa1fa87a5d3372fdfbf2d5b19b26 installed
dwz-0.15-3.fc39.x86_64 1689790198 289644 526ae687b9f56e1c0703a2d3fdd1a030 installed
unzip-6.0-62.fc39.x86_64 1690046127 404115 16086aee94a2a9e7b23bd4de3501119a installed
file-libs-5.44-5.fc39.x86_64 1689796014 10063681 3da9c77d8c9dae01a58b81a3702142ae installed
file-5.44-5.fc39.x86_64 1689796014 105250 12338c713bda80846e1eebc74bf9bab8 installed
alternatives-1.25-1.fc39.x86_64 1690977115 63726 6da6843b495192a7c7ce636d878cec8e installed
jansson-2.13.1-7.fc39.x86_64 1689840058 86276 621317d32f6f568d2dd1f7bfe89f6d2a installed
libcap-ng-0.8.3-8.fc39.x86_64 1693843074 78220 98745d53f40feedc4e5109450d660cdd installed
audit-libs-3.1.2-5.fc39.x86_64 1699112566 315505 46c05ccc74f39f19ee11ece6f50ac6b4 installed
pam-libs-1.5.3-3.fc39.x86_64 1697784292 138959 d8087628231352421bd678fa7f7f2c13 installed
libcom_err-1.47.0-2.fc39.x86_64 1689790400 68729 79dedab724ed48e11bf2b7c9dfd04c67 installed
libsepol-3.5-2.fc39.x86_64 1689855221 780027 041fbf12d97384ef31fef0b1a837c361 installed
libsmartcols-2.39.2-1.fc39.x86_64 1692269134 143403 9525cc50efe60fad0bf1387f5801ea01 installed
libtasn1-4.19.0-3.fc39.x86_64 1689855851 179836 207518e71928bc1ab4e6635358a5999c installed
libunistring-1.1-5.fc39.x86_64 1692599790 1825077 07986818a5c810313d38927f44b70001 installed
libidn2-2.3.4-3.fc39.x86_64 1689851738 330729 1c96f58fdca8620bc983305b7fb5f8c8 installed
lua-libs-5.4.6-3.fc39.x86_64 1690898924 295923 260f5218c547318c0954d48408208bf9 installed
pcre2-10.42-1.fc39.2.x86_64 1689880865 648626 364e95f608c98057fc5a0646f863d9d6 installed
libselinux-3.5-5.fc39.x86_64 1689855185 181117 f88dcd0974142dd1a27ee3d6dfe72e3a installed
sed-4.8-14.fc39.x86_64 1689989426 816991 e53cd72db73f9fff689af97233937280 installed
grep-3.11-3.fc39.x86_64 1689831837 1033930 b4ddf695d18538a51d3a243721d70015 installed
findutils-1:4.9.0-5.fc39.x86_64 1689796113 1535988 df04b04430e1d069c17e8e449fbdef27 installed
xz-5.4.4-1.fc39.x86_64 1690992258 2066126 5c1745e1ec7b85b45322a0e9af8bca02 installed
libmount-2.39.2-1.fc39.x86_64 1692269134 364517 6e5f0f4018e96f1790bdf879c2d7aaa7 installed
util-linux-core-2.39.2-1.fc39.x86_64 1692269134 1399496 ebbcedb5c8b026f931c8928d39ac523f installed
libsemanage-3.5-4.fc39.x86_64 1689855272 303334 b92df8d645c4e493ddb7d8d54e25d3e0 installed
shadow-utils-2:4.14.0-2.fc39.x86_64 1696321808 4194444 e8fc255d8e0ccf797bf2cbacf3ca62fe installed
libutempter-1.2.1-10.fc39.x86_64 1689856488 58945 a20c00144381d20dbc623331e17dfe6e installed
tar-2:1.35-2.fc39.x86_64 1692107989 3105669 31a5a815549a38fe96291a1dceb92e9c installed
libpsl-0.21.2-4.fc39.x86_64 1689854175 82400 61cfc14d24c0bb84da44f77c32ce0866 installed
zip-3.0-39.fc39.x86_64 1695035853 728271 78c3da9578e5365f0e618774cec95283 installed
zstd-1.5.5-4.fc39.x86_64 1690055959 1706429 f7ed43760df65a60c8dec40b5ce739f0 installed
libfdisk-2.39.2-1.fc39.x86_64 1692269134 391771 630987766be7bd380767d4ebf179396d installed
bzip2-1.0.8-16.fc39.x86_64 1689859568 93685 f568e4ff63286baad7b253b2cdc89ba4 installed
libxml2-2.10.4-3.fc39.x86_64 1689857051 1869808 f24ed0c4feadc07036c9a0ff20eefce3 installed
sqlite-libs-3.42.0-7.fc39.x86_64 1689992975 1432502 caa324fa1bb5fb4c5bf8c0d728a6669f installed
cpio-2.14-4.fc39.x86_64 1689785191 1074402 a5615f0251fc48dd27e2f764beb48789 installed
diffutils-3.10-3.fc39.x86_64 1689788132 1645402 b231c76699f3279ebcc2f517e618c1fb installed
ed-1.19-4.fc39.x86_64 1689790957 143574 3b0e51838bd6fe151398587103c5c44e installed
patch-2.7.6-22.fc39.x86_64 1689880089 260738 b4ec997db1eb243926ef8f39e8d198bb installed
gdbm-libs-1:1.23-4.fc39.x86_64 1689800513 128706 3babdd7ca2b4e9a3cbf99ea04ef8811d installed
cyrus-sasl-lib-2.1.28-11.fc39.x86_64 1689786689 2427322 1808a63b77129493058df6e7471ca828 installed
keyutils-libs-1.6.1-7.fc39.x86_64 1689843334 55569 04701caaf66a2c33efe949dcb315b55d installed
libbrotli-1.1.0-1.fc39.x86_64 1694795190 845138 0e91013509e544477f69cb40569cc021 installed
libdb-5.3.28-56.fc39.x86_64 1689849928 1922814 a9beecba9f9bebb1b11ac693e87d093e installed
libffi-3.4.4-4.fc39.x86_64 1689850697 83464 ea8098af6dd3bf99afe489254953c742 installed
p11-kit-0.25.3-1.fc39.x86_64 1700056703 2512491 657f74677e82d731a8e5ef7af3cf0d85 installed
p11-kit-trust-0.25.3-1.fc39.x86_64 1700056703 471948 36c8d684a33e7478b098607faa7d2654 installed
libpkgconf-1.9.5-2.fc39.x86_64 1689918413 79929 94f799965e35161d003d0584cbb35a01 installed
pkgconf-1.9.5-2.fc39.x86_64 1689918413 85758 3ec5193a5259d06f43e0c1823e0f1e39 installed
pkgconf-pkg-config-1.9.5-2.fc39.x86_64 1689918413 989 095786361fa04ceecda433cf97511380 installed
libsigsegv-2.14-5.fc39.x86_64 1689855387 50313 f3f5d281becaa10d7deae91df2bd164f installed
gawk-5.2.2-2.fc39.x86_64 1689800243 1803769 c1b0f0bb64a41a9af6adc90d93c0434b installed
libverto-0.3.2-6.fc39.x86_64 1689856575 30077 3a9e4a3d9f18f62cf0bce03d7a436d27 installed
xxhash-libs-0.8.2-1.fc39.x86_64 1690056512 90510 f709ce6f554038965c05b6cba86982ad installed
libnghttp2-1.55.1-4.fc39.x86_64 1697110809 174804 4aca6ea4914b7e72b15d73eb9ae81ed4 installed
kernel-srpm-macros-1.0-20.fc39.noarch 1689843130 1956 ea7d468df1312c25e8cb6f3bd0e2bec5 installed
gnat-srpm-macros-6-3.fc39.noarch 1689809649 1019 657c73ea2c4e0cb2228791b93659b242 installed
ghc-srpm-macros-1.6.1-2.fc39.noarch 1689806350 369 410f45c267daa6bd1f40f8b6581ba40a installed
fpc-srpm-macros-1.3-8.fc39.noarch 1689797628 144 18ef18e3d62d9a5780c040d00c913932 installed
coreutils-common-9.3-4.fc39.x86_64 1694505814 11966821 22663f82dcce6df108d7a8fc974a8a3b installed
openssl-libs-1:3.1.1-4.fc39.x86_64 1693497748 8141514 71cf87bc7907482c15101e54b765d2a3 installed
coreutils-9.3-4.fc39.x86_64 1694505814 5861994 98fe04fc641ebeaa139de4dddbdef0b2 installed
ca-certificates-2023.2.60_v7.0.306-2.fc39.noarch 1690910374 2356425 1f376df09c040ed1a9f2993e7ba060b9 installed
krb5-libs-1.21.2-2.fc39.x86_64 1697472778 2490676 0b78c46a7f68e3d17cd352142c1f6932 installed
libtirpc-1.3.4-0.fc39.x86_64 1696677191 208250 bf73010d1a2e48c0dec16b61d34a0265 installed
authselect-libs-1.4.3-1.fc39.x86_64 1695819309 1011291 7e06504463224b9de69467ad81a1aac4 installed
gzip-1.12-6.fc39.x86_64 1690979443 380893 973419b3c94563b50d2941c878a175e0 installed
cracklib-2.9.11-2.fc39.x86_64 1689785661 252507 7bfc00708297a4b095bdae7912d71095 installed
libpwquality-1.4.5-6.fc39.x86_64 1689854199 427434 4ad84849b7044812f0626e8784bf60e6 installed
authselect-1.4.3-1.fc39.x86_64 1695819309 160615 504976c020b12091c81640a8701c10ab installed
libnsl2-2.0.0-6.fc39.x86_64 1689853448 59246 0b5410564c8e39d0639d75dae4439d6a installed
pam-1.5.3-3.fc39.x86_64 1697784292 1843320 144bf6495990c6be3536323c9c0b6d96 installed
libarchive-3.7.1-1.fc39.x86_64 1690802352 945435 a11d7425879d5bdf172a835bbc04c27c installed
libevent-2.1.12-9.fc39.x86_64 1689850605 920770 ed9c4f5b24c4eb7e35fd6f2363594059 installed
openldap-2.6.6-1.fc39.x86_64 1690851618 656871 06f28ae675fcfe1715dfdfe27e6412e2 installed
binutils-gold-2.40-13.fc39.x86_64 1689777885 2275459 93344589c3667ab959e81f2ef7976907 installed
binutils-2.40-13.fc39.x86_64 1689777885 26153036 f46032135f3313f1380d38450d3c2598 installed
efi-srpm-macros-5-9.fc39.noarch 1689791044 41111 dff10ced2f5b3af81cb2ad6eac3271b2 installed
lua-srpm-macros-1-9.fc39.noarch 1689859429 1314 a7c0e0a70e47b85ac02bce9752c1486e installed
rpmautospec-rpm-macros-0.3.8-1.fc39.noarch 1699979866 707 f1c21a9c01842027baf38368040f8fdf installed
ansible-srpm-macros-1-11.fc39.noarch 1689773626 36400 34afc43acacf75f51a14b272d4d96c2f installed
fonts-srpm-macros-1:2.0.5-12.fc39.noarch 1689797306 56610 88d8a3bcddc67bbaff53a16a7dd3a6c1 installed
python-srpm-macros-3.12-4.fc39.noarch 1693952437 51297 5c633df4f66eebafee1aa5ec3155c463 installed
go-srpm-macros-3.3.1-1.fc39.noarch 1699294334 62101 c824ac72225c0c0591db0b3465cadc4e installed
redhat-rpm-config-262-1.fc39.noarch 1691154566 202121 4cf82f21cafafe5fc83c02d732548372 installed
util-linux-2.39.2-1.fc39.x86_64 1692269134 3764151 15371691daede89d863b299f557cfe04 installed
which-2.21-40.fc39.x86_64 1690049965 82060 7bbcf65ab4374b90d323d90f1d895c18 installed
info-7.0.3-3.fc39.x86_64 1689997067 378166 c6692b58b4c37baadbaa46eaac9fd7c7 installed
fedora-release-identity-basic-39-34.noarch 1701098642 666 7c5f1ce4f74fd5825134208ed5e5abbf installed
fedora-release-common-39-34.noarch 1701098642 19392 d2cc523ab4fb71a10969af7b27297e75 installed
fedora-release-39-34.noarch 1701098642 0 5781a971dcd7fee577b09d0d69c2ec1d installed
systemd-libs-254.7-1.fc39.x86_64 1701297445 2024536 d706ada136bd9f17995af17043067cb5 installed
elfutils-libelf-0.190-4.fc39.x86_64 1701212626 1031118 178c145519c9c3e5adef5c1ec9bc6be0 installed
elfutils-default-yama-scope-0.190-4.fc39.noarch 1701212626 1810 d108a8750f9d120c7609d47c70db9386 installed
elfutils-libs-0.190-4.fc39.x86_64 1701212626 706573 f30621e7e5eba5fc2be963ae051f6bff installed
elfutils-debuginfod-client-0.190-4.fc39.x86_64 1701212626 62170 3948348114c2fd7cfdc42e0258b17e9d installed
elfutils-0.190-4.fc39.x86_64 1701212626 2939468 d7b38c9d528d7a31fefd72c1926d148c installed
rpm-sequoia-1.5.0-2.fc39.x86_64 1701462551 2416112 b0148a45d293f08b6850700ba78bd5f3 installed
libacl-2.3.1-9.fc39.x86_64 1701444549 40874 98f24a9a62cf287f47acf09231fc7256 installed
libgcc-13.2.1-6.fc39.x86_64 1701798284 235772 fb6aceb380ec227f9d7c74368e423aa3 installed
glibc-common-2.38-14.fc39.x86_64 1701686075 1055737 a6b83831a3aaa9f10b4a534253396aab installed
glibc-gconv-extra-2.38-14.fc39.x86_64 1701686075 8142716 5a56f8814c414afc87a4419815339548 installed
glibc-minimal-langpack-2.38-14.fc39.x86_64 1701686075 0 a78c0ec5963bc7503cebdc6930acffb3 installed
glibc-2.38-14.fc39.x86_64 1701686075 6961635 b5ee1c034f483bbf1f74b5af5f06841f installed
libgomp-13.2.1-6.fc39.x86_64 1701798284 497520 d7bc9fafc88befb9733898bc312420ec installed
libstdc++-13.2.1-6.fc39.x86_64 1701798284 2830733 4a7f3c71599d4f4f2c85afc453b0a535 installed
libcurl-8.2.1-4.fc39.x86_64 1701872648 749758 9474b5eb6ba9ff50ce5174d9d26cf39b installed
curl-8.2.1-4.fc39.x86_64 1701872648 774565 92336b3ccd1ebca3d0803924f0e6df93 installed
gdb-minimal-14.1-1.fc39.x86_64 1702010673 14073420 7db3737b92f4ded40c68f1ad5646ecdd installed
libcap-2.48-9.fc39.x86_64 1702570966 180127 74249dd9d653a50231685d8d9a95723a installed
rpm-libs-4.19.1-1.fc39.x86_64 1702393384 767712 46738fbbbf59924e5dd7363591429e4c installed
rpm-4.19.1-1.fc39.x86_64 1702393384 3095226 e9ffcf2807ab28f1f0e90a374e381910 installed
rpm-build-libs-4.19.1-1.fc39.x86_64 1702393384 207160 15a1948db363d78785e9c89d12c796a4 installed
debugedit-5.0-12.fc39.x86_64 1701814847 203608 52deae57e5300b3503165c39fbf94e8c installed
rpm-build-4.19.1-1.fc39.x86_64 1702393384 185581 4e7756b9bdc2aa5035918096d3e238cb installed
pyproject-srpm-macros-1.11.0-1.fc39.noarch 1702558699 1514 4a8e1e024998a1fe5c301c6f6e5f41a3 installed
crypto-policies-20231204-1.git1e3a2e4.fc39.noarch 1701715169 152853 896fed4478b9caea4438a598135dbfcf installed
libssh-config-0.10.6-2.fc39.noarch 1703328322 277 83c0010736f0d9fef339b141eb266bb7 installed
libssh-0.10.6-2.fc39.x86_64 1703328322 529603 9f6936a84c8d97bb9f4c13f6398b992b installed
systemd-rpm-macros-254.7-1.fc39.noarch 1701297450 9482 90ab6e6ccf4c5c7eb49603886979fa70 installed
