2024-01-03 13:16:01,042 - Mock Version: 5.3
2024-01-03 13:16:01,051 - Start(bootstrap): chroot init
2024-01-03 13:16:01,073 - Start(bootstrap): cleaning package manager metadata
2024-01-03 13:16:01,073 - Finish(bootstrap): cleaning package manager metadata
2024-01-03 13:16:01,365 - Finish(bootstrap): chroot init
2024-01-03 13:16:01,370 - Start: chroot init
2024-01-03 13:16:01,389 - Start: unpacking root cache
2024-01-03 13:16:01,969 - Finish: unpacking root cache
2024-01-03 13:16:01,972 - Start: cleaning package manager metadata
2024-01-03 13:16:01,975 - Finish: cleaning package manager metadata
2024-01-03 13:16:02,323 - Start: dnf update
2024-01-03 13:16:04,250 - Finish: dnf update
2024-01-03 13:16:04,443 - Finish: chroot init
2024-01-03 13:16:04,445 - Start: build phase for nvidia-kmod-common-535.146.02-3.fc39.src.rpm
2024-01-03 13:16:04,446 - Start: build setup for nvidia-kmod-common-535.146.02-3.fc39.src.rpm
2024-01-03 13:16:07,547 - Finish: build setup for nvidia-kmod-common-535.146.02-3.fc39.src.rpm
2024-01-03 13:16:07,548 - Start: Outputting list of installed packages
2024-01-03 13:16:07,715 - Finish: Outputting list of installed packages
2024-01-03 13:16:07,715 - Start: rpmbuild nvidia-kmod-common-535.146.02-3.fc39.src.rpm
2024-01-03 13:16:15,911 - Finish: rpmbuild nvidia-kmod-common-535.146.02-3.fc39.src.rpm
2024-01-03 13:16:15,937 - Finish: build phase for nvidia-kmod-common-535.146.02-3.fc39.src.rpm
2024-01-03 13:16:15,941 - Finish: run
